<?xml version="1.0" encoding="UTF-8"?>
<!-- Generated by org.testng.reporters.JUnitXMLReporter -->
<testsuite ignored="0" hostname="DESKTOP-ALNHJVB" failures="1" tests="1" name="Bank Manager Login Test" time="0.368" errors="0" timestamp="2020-05-02T22:23:10 IST">
  <testcase classname="com.orgName.testcases.BankManagerLoginTest" name="loginAsBankManager" time="0.287">
    <failure type="java.lang.AssertionError" message="LoginAsBankManager Test Failed....">
      <![CDATA[java.lang.AssertionError: LoginAsBankManager Test Failed....
at com.orgName.testcases.BankManagerLoginTest.loginAsBankManager(BankManagerLoginTest.java:24)
at java.base/java.util.ArrayList.forEach(ArrayList.java:1540)
... Removed 28 stack frames]]>
    </failure>
  </testcase> <!-- loginAsBankManager -->
</testsuite> <!-- Bank Manager Login Test -->
