-------------------------------------------------------------------------------
Test set: TestSuite
-------------------------------------------------------------------------------
Tests run: 2, Failures: 1, Errors: 0, Skipped: 0, Time elapsed: 23.131 s <<< FAILURE! - in TestSuite
com.orgName.testcases.BankManagerLoginTest.loginAsBankManager  Time elapsed: 1.312 s  <<< FAILURE!
java.lang.IllegalArgumentException: Cannot find elements when the selector is null
	at com.orgName.testcases.BankManagerLoginTest.loginAsBankManager(BankManagerLoginTest.java:19)

