<?xml version="1.0" encoding="UTF-8"?>
<testsuite xmlns:xsi="http://www.w3.org/2001/XMLSchema-instance" xsi:noNamespaceSchemaLocation="https://maven.apache.org/surefire/maven-surefire-plugin/xsd/surefire-test-report-3.0.xsd" version="3.0" name="TestSuite" time="23.131" tests="2" errors="0" skipped="0" failures="1">
  <properties>
[...]
</properties>
  <testcase name="loginAsBankManager" classname="com.orgName.testcases.BankManagerLoginTest" time="1.312">
    <failure message="Cannot find elements when the selector is null" type="java.lang.IllegalArgumentException"><![CDATA[java.lang.IllegalArgumentException: Cannot find elements when the selector is null
	at com.orgName.testcases.BankManagerLoginTest.loginAsBankManager(BankManagerLoginTest.java:19)
]]></failure>
    <system-out><![CDATA[DEST FILE CREATED.......
]]></system-out>
    <system-err><![CDATA[Starting ChromeDriver 2.43.600210 (68dcf5eebde37173d4027fa8635e332711d2874a) on port 36697
Only local connections are allowed.
[1588761130.645][WARNING]: Timed out connecting to Chrome, retrying...
May 06, 2020 4:02:12 PM org.openqa.selenium.remote.ProtocolHandshake createSession
INFO: Detected dialect: OSS
[1588761134.774][WARNING]: Timed out connecting to Chrome, retrying...
]]></system-err>
  </testcase>
  <testcase name="addCustomer" classname="com.orgName.testcases.AddCustomerTest" time="1.462"/>
</testsuite>